Arguments: 
  C:\Program Files\nodejs\node.exe C:\Users\Jefferson\AppData\Roaming\npm\node_modules\yarn\bin\yarn.js add prisma -D

PATH: 
  C:\Python310\Scripts\;C:\Python310\;C:\Program Files (x86)\Common Files\Oracle\Java\javapath;C:\WINDOWS\system32;C:\WINDOWS;C:\WINDOWS\System32\Wbem;C:\WINDOWS\System32\WindowsPowerShell\v1.0\;C:\WINDOWS\System32\OpenSSH\;C:\Program Files (x86)\NVIDIA Corporation\PhysX\Common;C:\Program Files\Intel\WiFi\bin\;C:\Program Files\Common Files\Intel\WirelessCommon\;C:\Program Files\Git\cmd;C:\ProgramData\chocolatey\bin;C:\Program Files\PuTTY\;C:\Program Files\nodejs\;C:\Users\Jefferson\AppData\Local\Microsoft\WindowsApps;C:\Users\Jefferson\AppData\Local\Programs\Microsoft VS Code\bin;C:\Program Files\JetBrains\PyCharm Community Edition 2020.1.2\bin;C:\sqlite3;C:\Users\Jefferson\AppData\Local\GitHubDesktop\bin;C:\Users\Jefferson\AppData\Roaming\npm

Yarn version: 
  1.22.17

Node version: 
  14.18.1

Platform: 
  win32 x64

Trace: 
  Error: EPERM: operation not permitted, rmdir 'C:\Users\Jefferson\OneDrive\Documentos\GitHub\NLW-Heat\node_modules\.bin'

npm manifest: 
  {
    "name": "node_heat",
    "version": "1.0.0",
    "description": "",
    "main": "index.js",
  
    "dependencies": {
      "express": "^4.17.1"
  
    },
    "devDependencies": {
      "@types/express": "^4.17.13",
      "ts-node-dev": "^1.1.8",
      "typescript": "^4.4.4"
    },
    "scripts": {
      "dev":"ts-node-dev src/app.ts",
      "test": "echo \"Error: no test specified\" && exit 1"
    },
    "repository": {
      "type": "git",
      "url": "git+https://github.com/Jeffesx/NLW-Heat.git"
    },
    "author": "",
    "license": "MIT",
    "bugs": {
      "url": "https://github.com/Jeffesx/NLW-Heat/issues"
    },
    "homepage": "https://github.com/Jeffesx/NLW-Heat#readme"
  }

yarn manifest: 
  No manifest

Lockfile: 
  No lockfile
